This file contains any messages produced by compilers while
running configure, to aid debugging if configure makes a mistake.

It was created by xfce4-sample-plugin configure 0.0.3git-b9d35ee, which was
generated by GNU Autoconf 2.69.  Invocation command line was

  $ ./configure --enable-maintainer-mode --prefix=/usr/

## --------- ##
## Platform. ##
## --------- ##

hostname = WilJoAnneOfArch
uname -m = x86_64
uname -r = 4.14.17-1-lts
uname -s = Linux
uname -v = #1 SMP Sat Feb 3 21:30:38 CET 2018

/usr/bin/uname -p = unknown
/bin/uname -X     = unknown

/bin/arch              = unknown
/usr/bin/arch -k       = unknown
/usr/convex/getsysinfo = unknown
/usr/bin/hostinfo      = unknown
/bin/machine           = unknown
/usr/bin/oslevel       = unknown
/bin/universe          = unknown

PATH: /usr/local/sbin
PATH: /usr/local/bin
PATH: /usr/bin
PATH: /usr/lib/jvm/default/bin
PATH: /usr/bin/site_perl
PATH: /usr/bin/vendor_perl
PATH: /usr/bin/core_perl


## ----------- ##
## Core tests. ##
## ----------- ##

configure:2374: checking for a BSD-compatible install
configure:2442: result: /usr/bin/install -c
configure:2453: checking whether build environment is sane
configure:2508: result: yes
configure:2659: checking for a thread-safe mkdir -p
configure:2698: result: /usr/bin/mkdir -p
configure:2705: checking for gawk
configure:2721: found /usr/bin/gawk
configure:2732: result: gawk
configure:2743: checking whether make sets $(MAKE)
configure:2765: result: yes
configure:2794: checking whether make supports nested variables
configure:2811: result: yes
configure:2900: checking whether UID '0' is supported by ustar format
configure:2903: result: yes
configure:2910: checking whether GID '0' is supported by ustar format
configure:2913: result: yes
configure:2921: checking how to create a ustar tar archive
configure:2932: tar --version
tar (GNU tar) 1.30
Copyright (C) 2017 Free Software Foundation, Inc.
License GPLv3+: GNU GPL version 3 or later <https://gnu.org/licenses/gpl.html>.
This is free software: you are free to change and redistribute it.
There is NO WARRANTY, to the extent permitted by law.

Written by John Gilmore and Jay Fenlason.
configure:2935: $? = 0
configure:2975: tardir=conftest.dir && eval tar --format=ustar -chf - "$tardir" >conftest.tar
configure:2978: $? = 0
configure:2982: tar -xf - <conftest.tar
configure:2985: $? = 0
configure:2987: cat conftest.dir/file
GrepMe
configure:2990: $? = 0
configure:3003: result: gnutar
configure:3056: checking whether to enable maintainer-specific portions of Makefiles
configure:3065: result: yes
configure:3089: checking whether make supports nested variables
configure:3106: result: yes
configure:3148: checking build system type
configure:3162: result: x86_64-pc-linux-gnu
configure:3182: checking host system type
configure:3195: result: x86_64-pc-linux-gnu
configure:3236: checking how to print strings
configure:3263: result: printf
configure:3296: checking for style of include used by make
configure:3324: result: GNU
configure:3395: checking for gcc
configure:3411: found /usr/bin/gcc
configure:3422: result: gcc
configure:3651: checking for C compiler version
configure:3660: gcc --version >&5
gcc (GCC) 7.3.0
Copyright (C) 2017 Free Software Foundation, Inc.
This is free software; see the source for copying conditions.  There is NO
warranty; not even for MERCHANTABILITY or FITNESS FOR A PARTICULAR PURPOSE.

configure:3671: $? = 0
configure:3660: gcc -v >&5
Using built-in specs.
COLLECT_GCC=gcc
COLLECT_LTO_WRAPPER=/usr/lib/gcc/x86_64-pc-linux-gnu/7.3.0/lto-wrapper
Target: x86_64-pc-linux-gnu
Configured with: /build/gcc/src/gcc/configure --prefix=/usr --libdir=/usr/lib --libexecdir=/usr/lib --mandir=/usr/share/man --infodir=/usr/share/info --with-bugurl=https://bugs.archlinux.org/ --enable-languages=c,c++,ada,fortran,go,lto,objc,obj-c++ --enable-shared --enable-threads=posix --enable-libmpx --with-system-zlib --with-isl --enable-__cxa_atexit --disable-libunwind-exceptions --enable-clocale=gnu --disable-libstdcxx-pch --disable-libssp --enable-gnu-unique-object --enable-linker-build-id --enable-lto --enable-plugin --enable-install-libiberty --with-linker-hash-style=gnu --enable-gnu-indirect-function --enable-multilib --disable-werror --enable-checking=release --enable-default-pie --enable-default-ssp
Thread model: posix
gcc version 7.3.0 (GCC) 
configure:3671: $? = 0
configure:3660: gcc -V >&5
gcc: error: unrecognized command line option '-V'
gcc: fatal error: no input files
compilation terminated.
configure:3671: $? = 1
configure:3660: gcc -qversion >&5
gcc: error: unrecognized command line option '-qversion'; did you mean '--version'?
gcc: fatal error: no input files
compilation terminated.
configure:3671: $? = 1
configure:3691: checking whether the C compiler works
configure:3713: gcc    conftest.c  >&5
configure:3717: $? = 0
configure:3765: result: yes
configure:3768: checking for C compiler default output file name
configure:3770: result: a.out
configure:3776: checking for suffix of executables
configure:3783: gcc -o conftest    conftest.c  >&5
configure:3787: $? = 0
configure:3809: result: 
configure:3831: checking whether we are cross compiling
configure:3839: gcc -o conftest    conftest.c  >&5
configure:3843: $? = 0
configure:3850: ./conftest
configure:3854: $? = 0
configure:3869: result: no
configure:3874: checking for suffix of object files
configure:3896: gcc -c   conftest.c >&5
configure:3900: $? = 0
configure:3921: result: o
configure:3925: checking whether we are using the GNU C compiler
configure:3944: gcc -c   conftest.c >&5
configure:3944: $? = 0
configure:3953: result: yes
configure:3962: checking whether gcc accepts -g
configure:3982: gcc -c -g  conftest.c >&5
configure:3982: $? = 0
configure:4023: result: yes
configure:4040: checking for gcc option to accept ISO C89
configure:4103: gcc  -c -g -O2  conftest.c >&5
configure:4103: $? = 0
configure:4116: result: none needed
configure:4141: checking whether gcc understands -c and -o together
configure:4163: gcc -c conftest.c -o conftest2.o
configure:4166: $? = 0
configure:4163: gcc -c conftest.c -o conftest2.o
configure:4166: $? = 0
configure:4178: result: yes
configure:4197: checking dependency style of gcc
configure:4308: result: gcc3
configure:4323: checking for a sed that does not truncate output
configure:4387: result: /usr/bin/sed
configure:4405: checking for grep that handles long lines and -e
configure:4463: result: /usr/bin/grep
configure:4468: checking for egrep
configure:4530: result: /usr/bin/grep -E
configure:4535: checking for fgrep
configure:4597: result: /usr/bin/grep -F
configure:4632: checking for ld used by gcc
configure:4699: result: /usr/bin/ld
configure:4706: checking if the linker (/usr/bin/ld) is GNU ld
configure:4721: result: yes
configure:4733: checking for BSD- or MS-compatible name lister (nm)
configure:4787: result: /usr/bin/nm -B
configure:4917: checking the name lister (/usr/bin/nm -B) interface
configure:4924: gcc -c -g -O2  conftest.c >&5
configure:4927: /usr/bin/nm -B "conftest.o"
configure:4930: output
0000000000000000 B some_variable
configure:4937: result: BSD nm
configure:4940: checking whether ln -s works
configure:4944: result: yes
configure:4952: checking the maximum length of command line arguments
configure:5083: result: 1572864
configure:5131: checking how to convert x86_64-pc-linux-gnu file names to x86_64-pc-linux-gnu format
configure:5171: result: func_convert_file_noop
configure:5178: checking how to convert x86_64-pc-linux-gnu file names to toolchain format
configure:5198: result: func_convert_file_noop
configure:5205: checking for /usr/bin/ld option to reload object files
configure:5212: result: -r
configure:5286: checking for objdump
configure:5302: found /usr/bin/objdump
configure:5313: result: objdump
configure:5345: checking how to recognize dependent libraries
configure:5545: result: pass_all
configure:5630: checking for dlltool
configure:5660: result: no
configure:5690: checking how to associate runtime and link libraries
configure:5717: result: printf %s\n
configure:5778: checking for ar
configure:5794: found /usr/bin/ar
configure:5805: result: ar
configure:5858: checking for archiver @FILE support
configure:5875: gcc -c -g -O2  conftest.c >&5
configure:5875: $? = 0
configure:5878: ar cr libconftest.a @conftest.lst >&5
configure:5881: $? = 0
configure:5886: ar cr libconftest.a @conftest.lst >&5
ar: conftest.o: No such file or directory
configure:5889: $? = 1
configure:5901: result: @
configure:5959: checking for strip
configure:5975: found /usr/bin/strip
configure:5986: result: strip
configure:6058: checking for ranlib
configure:6074: found /usr/bin/ranlib
configure:6085: result: ranlib
configure:6187: checking command to parse /usr/bin/nm -B output from gcc object
configure:6340: gcc -c -g -O2  conftest.c >&5
configure:6343: $? = 0
configure:6347: /usr/bin/nm -B conftest.o \| sed -n -e 's/^.*[ ]\([ABCDGIRSTW][ABCDGIRSTW]*\)[ ][ ]*\([_A-Za-z][_A-Za-z0-9]*\)$/\1 \2 \2/p' | sed '/ __gnu_lto/d' \> conftest.nm
configure:6350: $? = 0
configure:6416: gcc -o conftest -g -O2   conftest.c conftstm.o >&5
configure:6419: $? = 0
configure:6457: result: ok
configure:6504: checking for sysroot
configure:6534: result: no
configure:6541: checking for a working dd
configure:6579: result: /usr/bin/dd
configure:6583: checking how to truncate binary pipes
configure:6598: result: /usr/bin/dd bs=4096 count=1
configure:6734: gcc -c -g -O2  conftest.c >&5
configure:6737: $? = 0
configure:6927: checking for mt
configure:6957: result: no
configure:6977: checking if : is a manifest tool
configure:6983: : '-?'
configure:6991: result: no
configure:7668: checking how to run the C preprocessor
configure:7699: gcc -E  conftest.c
configure:7699: $? = 0
configure:7713: gcc -E  conftest.c
conftest.c:11:10: fatal error: ac_nonexistent.h: No such file or directory
 #include <ac_nonexistent.h>
          ^~~~~~~~~~~~~~~~~~
compilation terminated.
configure:7713: $? = 1
configure: failed program was:
| /* confdefs.h */
| #define PACKAGE_NAME "xfce4-sample-plugin"
| #define PACKAGE_TARNAME "xfce4-sample-plugin"
| #define PACKAGE_VERSION "0.0.3git-b9d35ee"
| #define PACKAGE_STRING "xfce4-sample-plugin 0.0.3git-b9d35ee"
| #define PACKAGE_BUGREPORT "https://bugzilla.xfce.org/"
| #define PACKAGE_URL ""
| #define PACKAGE "xfce4-sample-plugin"
| #define VERSION "0.0.3git-b9d35ee"
| /* end confdefs.h.  */
| #include <ac_nonexistent.h>
configure:7738: result: gcc -E
configure:7758: gcc -E  conftest.c
configure:7758: $? = 0
configure:7772: gcc -E  conftest.c
conftest.c:11:10: fatal error: ac_nonexistent.h: No such file or directory
 #include <ac_nonexistent.h>
          ^~~~~~~~~~~~~~~~~~
compilation terminated.
configure:7772: $? = 1
configure: failed program was:
| /* confdefs.h */
| #define PACKAGE_NAME "xfce4-sample-plugin"
| #define PACKAGE_TARNAME "xfce4-sample-plugin"
| #define PACKAGE_VERSION "0.0.3git-b9d35ee"
| #define PACKAGE_STRING "xfce4-sample-plugin 0.0.3git-b9d35ee"
| #define PACKAGE_BUGREPORT "https://bugzilla.xfce.org/"
| #define PACKAGE_URL ""
| #define PACKAGE "xfce4-sample-plugin"
| #define VERSION "0.0.3git-b9d35ee"
| /* end confdefs.h.  */
| #include <ac_nonexistent.h>
configure:7801: checking for ANSI C header files
configure:7821: gcc -c -g -O2  conftest.c >&5
configure:7821: $? = 0
configure:7894: gcc -o conftest -g -O2   conftest.c  >&5
configure:7894: $? = 0
configure:7894: ./conftest
configure:7894: $? = 0
configure:7905: result: yes
configure:7918: checking for sys/types.h
configure:7918: gcc -c -g -O2  conftest.c >&5
configure:7918: $? = 0
configure:7918: result: yes
configure:7918: checking for sys/stat.h
configure:7918: gcc -c -g -O2  conftest.c >&5
configure:7918: $? = 0
configure:7918: result: yes
configure:7918: checking for stdlib.h
configure:7918: gcc -c -g -O2  conftest.c >&5
configure:7918: $? = 0
configure:7918: result: yes
configure:7918: checking for string.h
configure:7918: gcc -c -g -O2  conftest.c >&5
configure:7918: $? = 0
configure:7918: result: yes
configure:7918: checking for memory.h
configure:7918: gcc -c -g -O2  conftest.c >&5
configure:7918: $? = 0
configure:7918: result: yes
configure:7918: checking for strings.h
configure:7918: gcc -c -g -O2  conftest.c >&5
configure:7918: $? = 0
configure:7918: result: yes
configure:7918: checking for inttypes.h
configure:7918: gcc -c -g -O2  conftest.c >&5
configure:7918: $? = 0
configure:7918: result: yes
configure:7918: checking for stdint.h
configure:7918: gcc -c -g -O2  conftest.c >&5
configure:7918: $? = 0
configure:7918: result: yes
configure:7918: checking for unistd.h
configure:7918: gcc -c -g -O2  conftest.c >&5
configure:7918: $? = 0
configure:7918: result: yes
configure:7932: checking for dlfcn.h
configure:7932: gcc -c -g -O2  conftest.c >&5
configure:7932: $? = 0
configure:7932: result: yes
configure:8187: checking for objdir
configure:8202: result: .libs
configure:8462: checking if gcc supports -fno-rtti -fno-exceptions
configure:8480: gcc -c -g -O2  -fno-rtti -fno-exceptions conftest.c >&5
cc1: warning: command line option '-fno-rtti' is valid for C++/ObjC++ but not for C
configure:8484: $? = 0
configure:8497: result: no
configure:8855: checking for gcc option to produce PIC
configure:8862: result: -fPIC -DPIC
configure:8870: checking if gcc PIC flag -fPIC -DPIC works
configure:8888: gcc -c -g -O2  -fPIC -DPIC -DPIC conftest.c >&5
configure:8892: $? = 0
configure:8905: result: yes
configure:8934: checking if gcc static flag -static works
configure:8962: result: yes
configure:8977: checking if gcc supports -c -o file.o
configure:8998: gcc -c -g -O2  -o out/conftest2.o conftest.c >&5
configure:9002: $? = 0
configure:9024: result: yes
configure:9032: checking if gcc supports -c -o file.o
configure:9079: result: yes
configure:9112: checking whether the gcc linker (/usr/bin/ld -m elf_x86_64) supports shared libraries
configure:10373: result: yes
configure:10410: checking whether -lc should be explicitly linked in
configure:10418: gcc -c -g -O2  conftest.c >&5
configure:10421: $? = 0
configure:10436: gcc -shared  -fPIC -DPIC conftest.o  -v -Wl,-soname -Wl,conftest -o conftest 2\>\&1 \| /usr/bin/grep  -lc  \>/dev/null 2\>\&1
configure:10439: $? = 0
configure:10453: result: no
configure:10613: checking dynamic linker characteristics
configure:11194: gcc -o conftest -g -O2   -Wl,-rpath -Wl,/foo conftest.c  >&5
configure:11194: $? = 0
configure:11431: result: GNU/Linux ld.so
configure:11553: checking how to hardcode library paths into programs
configure:11578: result: immediate
configure:12126: checking whether stripping libraries is possible
configure:12135: result: yes
configure:12177: checking if libtool supports shared libraries
configure:12179: result: yes
configure:12182: checking whether to build shared libraries
configure:12207: result: yes
configure:12210: checking whether to build static libraries
configure:12214: result: no
configure:12300: checking for gcc
configure:12327: result: gcc
configure:12556: checking for C compiler version
configure:12565: gcc --version >&5
gcc (GCC) 7.3.0
Copyright (C) 2017 Free Software Foundation, Inc.
This is free software; see the source for copying conditions.  There is NO
warranty; not even for MERCHANTABILITY or FITNESS FOR A PARTICULAR PURPOSE.

configure:12576: $? = 0
configure:12565: gcc -v >&5
Using built-in specs.
COLLECT_GCC=gcc
COLLECT_LTO_WRAPPER=/usr/lib/gcc/x86_64-pc-linux-gnu/7.3.0/lto-wrapper
Target: x86_64-pc-linux-gnu
Configured with: /build/gcc/src/gcc/configure --prefix=/usr --libdir=/usr/lib --libexecdir=/usr/lib --mandir=/usr/share/man --infodir=/usr/share/info --with-bugurl=https://bugs.archlinux.org/ --enable-languages=c,c++,ada,fortran,go,lto,objc,obj-c++ --enable-shared --enable-threads=posix --enable-libmpx --with-system-zlib --with-isl --enable-__cxa_atexit --disable-libunwind-exceptions --enable-clocale=gnu --disable-libstdcxx-pch --disable-libssp --enable-gnu-unique-object --enable-linker-build-id --enable-lto --enable-plugin --enable-install-libiberty --with-linker-hash-style=gnu --enable-gnu-indirect-function --enable-multilib --disable-werror --enable-checking=release --enable-default-pie --enable-default-ssp
Thread model: posix
gcc version 7.3.0 (GCC) 
configure:12576: $? = 0
configure:12565: gcc -V >&5
gcc: error: unrecognized command line option '-V'
gcc: fatal error: no input files
compilation terminated.
configure:12576: $? = 1
configure:12565: gcc -qversion >&5
gcc: error: unrecognized command line option '-qversion'; did you mean '--version'?
gcc: fatal error: no input files
compilation terminated.
configure:12576: $? = 1
configure:12580: checking whether we are using the GNU C compiler
configure:12608: result: yes
configure:12617: checking whether gcc accepts -g
configure:12678: result: yes
configure:12695: checking for gcc option to accept ISO C89
configure:12771: result: none needed
configure:12796: checking whether gcc understands -c and -o together
configure:12833: result: yes
configure:12852: checking dependency style of gcc
configure:12963: result: gcc3
configure:12979: checking whether gcc and cc understand -c and -o together
configure:13010: gcc -c conftest.c -o conftest2.o >&5
configure:13014: $? = 0
configure:13020: gcc -c conftest.c -o conftest2.o >&5
configure:13024: $? = 0
configure:13035: cc -c conftest.c >&5
configure:13039: $? = 0
configure:13047: cc -c conftest.c -o conftest2.o >&5
configure:13051: $? = 0
configure:13057: cc -c conftest.c -o conftest2.o >&5
configure:13061: $? = 0
configure:13079: result: yes
configure:13101: checking for ld used by gcc
configure:13168: result: /usr/bin/ld
configure:13175: checking if the linker (/usr/bin/ld) is GNU ld
configure:13190: result: yes
configure:13201: checking whether NLS is requested
configure:13210: result: yes
configure:13228: checking for intltool >= 0.35.0
configure:13230: result: 0.51.0 found
configure:13238: checking for intltool-update
configure:13256: found /usr/bin/intltool-update
configure:13268: result: /usr/bin/intltool-update
configure:13278: checking for intltool-merge
configure:13296: found /usr/bin/intltool-merge
configure:13308: result: /usr/bin/intltool-merge
configure:13318: checking for intltool-extract
configure:13336: found /usr/bin/intltool-extract
configure:13348: result: /usr/bin/intltool-extract
configure:13502: checking for xgettext
configure:13520: found /usr/bin/xgettext
configure:13532: result: /usr/bin/xgettext
configure:13542: checking for msgmerge
configure:13560: found /usr/bin/msgmerge
configure:13572: result: /usr/bin/msgmerge
configure:13582: checking for msgfmt
configure:13600: found /usr/bin/msgfmt
configure:13612: result: /usr/bin/msgfmt
configure:13622: checking for gmsgfmt
configure:13653: result: /usr/bin/msgfmt
configure:13673: checking for perl
configure:13691: found /usr/bin/perl
configure:13703: result: /usr/bin/perl
configure:13714: checking for perl >= 5.8.1
configure:13721: result: 5.26.1
configure:13725: checking for XML::Parser
configure:13728: result: ok
configure:13742: checking for ANSI C header files
configure:13846: result: yes
configure:13859: checking for stdlib.h
configure:13859: result: yes
configure:13859: checking for unistd.h
configure:13859: result: yes
configure:13859: checking locale.h usability
configure:13859: gcc -c -g -O2  conftest.c >&5
configure:13859: $? = 0
configure:13859: result: yes
configure:13859: checking locale.h presence
configure:13859: gcc -E  conftest.c
configure:13859: $? = 0
configure:13859: result: yes
configure:13859: checking for locale.h
configure:13859: result: yes
configure:13859: checking stdio.h usability
configure:13859: gcc -c -g -O2  conftest.c >&5
configure:13859: $? = 0
configure:13859: result: yes
configure:13859: checking stdio.h presence
configure:13859: gcc -E  conftest.c
configure:13859: $? = 0
configure:13859: result: yes
configure:13859: checking for stdio.h
configure:13859: result: yes
configure:13859: checking errno.h usability
configure:13859: gcc -c -g -O2  conftest.c >&5
configure:13859: $? = 0
configure:13859: result: yes
configure:13859: checking errno.h presence
configure:13859: gcc -E  conftest.c
configure:13859: $? = 0
configure:13859: result: yes
configure:13859: checking for errno.h
configure:13859: result: yes
configure:13859: checking time.h usability
configure:13859: gcc -c -g -O2  conftest.c >&5
configure:13859: $? = 0
configure:13859: result: yes
configure:13859: checking time.h presence
configure:13859: gcc -E  conftest.c
configure:13859: $? = 0
configure:13859: result: yes
configure:13859: checking for time.h
configure:13859: result: yes
configure:13859: checking for string.h
configure:13859: result: yes
configure:13859: checking math.h usability
configure:13859: gcc -c -g -O2  conftest.c >&5
configure:13859: $? = 0
configure:13859: result: yes
configure:13859: checking math.h presence
configure:13859: gcc -E  conftest.c
configure:13859: $? = 0
configure:13859: result: yes
configure:13859: checking for math.h
configure:13859: result: yes
configure:13859: checking for sys/types.h
configure:13859: result: yes
configure:13859: checking sys/wait.h usability
configure:13859: gcc -c -g -O2  conftest.c >&5
configure:13859: $? = 0
configure:13859: result: yes
configure:13859: checking sys/wait.h presence
configure:13859: gcc -E  conftest.c
configure:13859: $? = 0
configure:13859: result: yes
configure:13859: checking for sys/wait.h
configure:13859: result: yes
configure:13859: checking for memory.h
configure:13859: result: yes
configure:13859: checking signal.h usability
configure:13859: gcc -c -g -O2  conftest.c >&5
configure:13859: $? = 0
configure:13859: result: yes
configure:13859: checking signal.h presence
configure:13859: gcc -E  conftest.c
configure:13859: $? = 0
configure:13859: result: yes
configure:13859: checking for signal.h
configure:13859: result: yes
configure:13859: checking sys/prctl.h usability
configure:13859: gcc -c -g -O2  conftest.c >&5
configure:13859: $? = 0
configure:13859: result: yes
configure:13859: checking sys/prctl.h presence
configure:13859: gcc -E  conftest.c
configure:13859: $? = 0
configure:13859: result: yes
configure:13859: checking for sys/prctl.h
configure:13859: result: yes
configure:13859: checking libintl.h usability
configure:13859: gcc -c -g -O2  conftest.c >&5
configure:13859: $? = 0
configure:13859: result: yes
configure:13859: checking libintl.h presence
configure:13859: gcc -E  conftest.c
configure:13859: $? = 0
configure:13859: result: yes
configure:13859: checking for libintl.h
configure:13859: result: yes
configure:13871: checking for bind_textdomain_codeset
configure:13871: gcc -o conftest -g -O2   conftest.c  >&5
configure:13871: $? = 0
configure:13871: result: yes
configure:13894: checking for locale.h
configure:13894: result: yes
configure:13905: checking for LC_MESSAGES
configure:13921: gcc -o conftest -g -O2   conftest.c  >&5
configure:13921: $? = 0
configure:13929: result: yes
configure:13947: checking for CFPreferencesCopyAppValue
configure:13965: gcc -o conftest -g -O2   conftest.c  -Wl,-framework -Wl,CoreFoundation >&5
conftest.c:42:10: fatal error: CoreFoundation/CFPreferences.h: No such file or directory
 #include <CoreFoundation/CFPreferences.h>
          ^~~~~~~~~~~~~~~~~~~~~~~~~~~~~~~~
compilation terminated.
configure:13965: $? = 1
configure: failed program was:
| /* confdefs.h */
| #define PACKAGE_NAME "xfce4-sample-plugin"
| #define PACKAGE_TARNAME "xfce4-sample-plugin"
| #define PACKAGE_VERSION "0.0.3git-b9d35ee"
| #define PACKAGE_STRING "xfce4-sample-plugin 0.0.3git-b9d35ee"
| #define PACKAGE_BUGREPORT "https://bugzilla.xfce.org/"
| #define PACKAGE_URL ""
| #define PACKAGE "xfce4-sample-plugin"
| #define VERSION "0.0.3git-b9d35ee"
| #define STDC_HEADERS 1
| #define HAVE_SYS_TYPES_H 1
| #define HAVE_SYS_STAT_H 1
| #define HAVE_STDLIB_H 1
| #define HAVE_STRING_H 1
| #define HAVE_MEMORY_H 1
| #define HAVE_STRINGS_H 1
| #define HAVE_INTTYPES_H 1
| #define HAVE_STDINT_H 1
| #define HAVE_UNISTD_H 1
| #define HAVE_DLFCN_H 1
| #define LT_OBJDIR ".libs/"
| #define STDC_HEADERS 1
| #define HAVE_STDLIB_H 1
| #define HAVE_UNISTD_H 1
| #define HAVE_LOCALE_H 1
| #define HAVE_STDIO_H 1
| #define HAVE_ERRNO_H 1
| #define HAVE_TIME_H 1
| #define HAVE_STRING_H 1
| #define HAVE_MATH_H 1
| #define HAVE_SYS_TYPES_H 1
| #define HAVE_SYS_WAIT_H 1
| #define HAVE_MEMORY_H 1
| #define HAVE_SIGNAL_H 1
| #define HAVE_SYS_PRCTL_H 1
| #define HAVE_LIBINTL_H 1
| #define HAVE_BIND_TEXTDOMAIN_CODESET 1
| #define GETTEXT_PACKAGE "xfce4-sample-plugin"
| #define HAVE_LOCALE_H 1
| #define HAVE_LC_MESSAGES 1
| /* end confdefs.h.  */
| #include <CoreFoundation/CFPreferences.h>
| int
| main ()
| {
| CFPreferencesCopyAppValue(NULL, NULL)
|   ;
|   return 0;
| }
configure:13974: result: no
configure:13981: checking for CFLocaleCopyCurrent
configure:13999: gcc -o conftest -g -O2   conftest.c  -Wl,-framework -Wl,CoreFoundation >&5
conftest.c:42:10: fatal error: CoreFoundation/CFLocale.h: No such file or directory
 #include <CoreFoundation/CFLocale.h>
          ^~~~~~~~~~~~~~~~~~~~~~~~~~~
compilation terminated.
configure:13999: $? = 1
configure: failed program was:
| /* confdefs.h */
| #define PACKAGE_NAME "xfce4-sample-plugin"
| #define PACKAGE_TARNAME "xfce4-sample-plugin"
| #define PACKAGE_VERSION "0.0.3git-b9d35ee"
| #define PACKAGE_STRING "xfce4-sample-plugin 0.0.3git-b9d35ee"
| #define PACKAGE_BUGREPORT "https://bugzilla.xfce.org/"
| #define PACKAGE_URL ""
| #define PACKAGE "xfce4-sample-plugin"
| #define VERSION "0.0.3git-b9d35ee"
| #define STDC_HEADERS 1
| #define HAVE_SYS_TYPES_H 1
| #define HAVE_SYS_STAT_H 1
| #define HAVE_STDLIB_H 1
| #define HAVE_STRING_H 1
| #define HAVE_MEMORY_H 1
| #define HAVE_STRINGS_H 1
| #define HAVE_INTTYPES_H 1
| #define HAVE_STDINT_H 1
| #define HAVE_UNISTD_H 1
| #define HAVE_DLFCN_H 1
| #define LT_OBJDIR ".libs/"
| #define STDC_HEADERS 1
| #define HAVE_STDLIB_H 1
| #define HAVE_UNISTD_H 1
| #define HAVE_LOCALE_H 1
| #define HAVE_STDIO_H 1
| #define HAVE_ERRNO_H 1
| #define HAVE_TIME_H 1
| #define HAVE_STRING_H 1
| #define HAVE_MATH_H 1
| #define HAVE_SYS_TYPES_H 1
| #define HAVE_SYS_WAIT_H 1
| #define HAVE_MEMORY_H 1
| #define HAVE_SIGNAL_H 1
| #define HAVE_SYS_PRCTL_H 1
| #define HAVE_LIBINTL_H 1
| #define HAVE_BIND_TEXTDOMAIN_CODESET 1
| #define GETTEXT_PACKAGE "xfce4-sample-plugin"
| #define HAVE_LOCALE_H 1
| #define HAVE_LC_MESSAGES 1
| /* end confdefs.h.  */
| #include <CoreFoundation/CFLocale.h>
| int
| main ()
| {
| CFLocaleCopyCurrent();
|   ;
|   return 0;
| }
configure:14008: result: no
configure:14022: checking for libintl.h
configure:14022: result: yes
configure:14030: checking for ngettext in libc
configure:14048: gcc -o conftest -g -O2   conftest.c  >&5
configure:14048: $? = 0
configure:14057: result: yes
configure:14061: checking for dgettext in libc
configure:14079: gcc -o conftest -g -O2   conftest.c  >&5
configure:14079: $? = 0
configure:14088: result: yes
configure:14095: checking for bind_textdomain_codeset
configure:14095: result: yes
configure:14371: checking for msgfmt
configure:14398: result: /usr/bin/msgfmt
configure:14409: checking for dcgettext
configure:14409: gcc -o conftest -g -O2   conftest.c   >&5
conftest.c:67:6: warning: conflicting types for built-in function 'dcgettext' [-Wbuiltin-declaration-mismatch]
 char dcgettext ();
      ^~~~~~~~~
configure:14409: $? = 0
configure:14409: result: yes
configure:14419: checking if msgfmt accepts -c
configure:14434: $MSGFMT -c -o /dev/null conftest.foo
conftest.foo:3: warning: header field 'Language' missing in header
configure:14437: $? = 0
configure:14439: result: yes
configure:14449: checking for gmsgfmt
configure:14480: result: /usr/bin/msgfmt
configure:14490: checking for xgettext
configure:14517: result: /usr/bin/xgettext
configure:14536: gcc -o conftest -g -O2   conftest.c   >&5
configure:14536: $? = 0
configure:14618: checking for catalogs to be installed
configure:14643: result:  ar bg ca cs da de es fr he hr id it ko lt ms nb nl pl pt_BR pt ru sl sr sv tr uk zh_CN zh_TW
configure:14676: checking for bind_textdomain_codeset
configure:14676: result: yes
configure:14682: checking for locales directory
configure:14698: result: ${datarootdir}/locale
configure:14702: checking for additional xgettext flags
configure:14710: result: --keyword=Q_ --from-code=UTF-8
configure:14714: checking for X
configure:14822: gcc -E  conftest.c
configure:14822: $? = 0
configure:14853: gcc -o conftest -g -O2   conftest.c -lX11  >&5
configure:14853: $? = 0
configure:14903: result: libraries , headers 
configure:15002: gcc -o conftest -g -O2   conftest.c   -lX11 >&5
configure:15002: $? = 0
configure:15100: checking for gethostbyname
configure:15100: gcc -o conftest -g -O2   conftest.c  >&5
configure:15100: $? = 0
configure:15100: result: yes
configure:15197: checking for connect
configure:15197: gcc -o conftest -g -O2   conftest.c  >&5
configure:15197: $? = 0
configure:15197: result: yes
configure:15246: checking for remove
configure:15246: gcc -o conftest -g -O2   conftest.c  >&5
configure:15246: $? = 0
configure:15246: result: yes
configure:15295: checking for shmat
configure:15295: gcc -o conftest -g -O2   conftest.c  >&5
configure:15295: $? = 0
configure:15295: result: yes
configure:15353: checking for IceConnectionNumber in -lICE
configure:15378: gcc -o conftest -g -O2   conftest.c -lICE   >&5
configure:15378: $? = 0
configure:15387: result: yes
configure:15402: checking for main in -lX11
configure:15421: gcc -o conftest -g -O2   conftest.c -lX11   -lSM -lICE    >&5
configure:15421: $? = 0
configure:15430: result: yes
configure:15530: checking for pkg-config
configure:15548: found /usr/bin/pkg-config
configure:15560: result: /usr/bin/pkg-config
configure:15585: checking pkg-config is at least version 0.9.0
configure:15588: result: yes
configure:15610: checking for libxfce4ui-2 >= 4.12.0
configure:15614: result: 4.12.1
configure:15617: checking LIBXFCE4UI_CFLAGS
configure:15620: result: -pthread -I/usr/include/xfce4/libxfce4ui-2 -I/usr/include/gtk-3.0 -I/usr/include/at-spi2-atk/2.0 -I/usr/include/at-spi-2.0 -I/usr/include/dbus-1.0 -I/usr/lib/dbus-1.0/include -I/usr/include/gtk-3.0 -I/usr/include/gio-unix-2.0/ -I/usr/include/cairo -I/usr/include/pango-1.0 -I/usr/include/atk-1.0 -I/usr/include/cairo -I/usr/include/pixman-1 -I/usr/include/freetype2 -I/usr/include/libpng16 -I/usr/include/harfbuzz -I/usr/include/glib-2.0 -I/usr/lib/glib-2.0/include -I/usr/include/freetype2 -I/usr/include/harfbuzz -I/usr/include/libpng16 -I/usr/include/gdk-pixbuf-2.0 -I/usr/include/xfce4 -I/usr/include/glib-2.0 -I/usr/lib/glib-2.0/include
configure:15623: checking LIBXFCE4UI_LIBS
configure:15626: result: -lxfce4ui-2 -lgtk-3 -lgdk-3 -lpangocairo-1.0 -lpango-1.0 -latk-1.0 -lcairo-gobject -lcairo -lgdk_pixbuf-2.0 -lgio-2.0 -lgobject-2.0 -lxfce4util -lglib-2.0
configure:15725: checking for pkg-config
configure:15755: result: /usr/bin/pkg-config
configure:15780: checking pkg-config is at least version 0.9.0
configure:15783: result: yes
configure:15805: checking for libxfce4panel-2.0 >= 4.12.0
configure:15809: result: 4.12.2
configure:15812: checking LIBXFCE4PANEL_CFLAGS
configure:15815: result: -pthread -I/usr/include/xfce4/libxfce4panel-2.0 -I/usr/include/gtk-3.0 -I/usr/include/at-spi2-atk/2.0 -I/usr/include/at-spi-2.0 -I/usr/include/dbus-1.0 -I/usr/lib/dbus-1.0/include -I/usr/include/gtk-3.0 -I/usr/include/gio-unix-2.0/ -I/usr/include/cairo -I/usr/include/pango-1.0 -I/usr/include/atk-1.0 -I/usr/include/cairo -I/usr/include/pixman-1 -I/usr/include/freetype2 -I/usr/include/libpng16 -I/usr/include/harfbuzz -I/usr/include/glib-2.0 -I/usr/lib/glib-2.0/include -I/usr/include/freetype2 -I/usr/include/harfbuzz -I/usr/include/libpng16 -I/usr/include/gdk-pixbuf-2.0 -I/usr/include/xfce4 -I/usr/include/glib-2.0 -I/usr/lib/glib-2.0/include
configure:15818: checking LIBXFCE4PANEL_LIBS
configure:15821: result: -lxfce4panel-2.0 -lgtk-3 -lgdk-3 -lpangocairo-1.0 -lpango-1.0 -latk-1.0 -lcairo-gobject -lcairo -lgdk_pixbuf-2.0 -lgio-2.0 -lgobject-2.0 -Wl,--export-dynamic -lgmodule-2.0 -pthread -lxfce4util -lglib-2.0
configure:15870: checking whether to build with debugging support
configure:15907: result: yes
configure:15913: checking if gcc supports -DXFCE_DISABLE_DEPRECATED
configure:15921: gcc -c -g -O2 -DXFCE_DISABLE_DEPRECATED  conftest.c >&5
configure:15921: $? = 0
configure:15928: result: yes
configure:15913: checking if gcc supports -Wall
configure:15921: gcc -c -g -O2 -Wall  conftest.c >&5
configure:15921: $? = 0
configure:15928: result: yes
configure:15913: checking if gcc supports -Wextra
configure:15921: gcc -c -g -O2 -Wextra  conftest.c >&5
configure:15921: $? = 0
configure:15928: result: yes
configure:15913: checking if gcc supports -Wno-missing-field-initializers
configure:15921: gcc -c -g -O2 -Wno-missing-field-initializers  conftest.c >&5
configure:15921: $? = 0
configure:15928: result: yes
configure:15913: checking if gcc supports -Wno-unused-parameter
configure:15921: gcc -c -g -O2 -Wno-unused-parameter  conftest.c >&5
configure:15921: $? = 0
configure:15928: result: yes
configure:15913: checking if gcc supports -Wold-style-definition
configure:15921: gcc -c -g -O2 -Wold-style-definition  conftest.c >&5
configure:15921: $? = 0
configure:15928: result: yes
configure:15913: checking if gcc supports -Wdeclaration-after-statement
configure:15921: gcc -c -g -O2 -Wdeclaration-after-statement  conftest.c >&5
configure:15921: $? = 0
configure:15928: result: yes
configure:15913: checking if gcc supports -Wmissing-declarations
configure:15921: gcc -c -g -O2 -Wmissing-declarations  conftest.c >&5
configure:15921: $? = 0
configure:15928: result: yes
configure:15913: checking if gcc supports -Wmissing-noreturn
configure:15921: gcc -c -g -O2 -Wmissing-noreturn  conftest.c >&5
configure:15921: $? = 0
configure:15928: result: yes
configure:15913: checking if gcc supports -Wshadow
configure:15921: gcc -c -g -O2 -Wshadow  conftest.c >&5
configure:15921: $? = 0
configure:15928: result: yes
configure:15913: checking if gcc supports -Wpointer-arith
configure:15921: gcc -c -g -O2 -Wpointer-arith  conftest.c >&5
configure:15921: $? = 0
configure:15928: result: yes
configure:15913: checking if gcc supports -Wcast-align
configure:15921: gcc -c -g -O2 -Wcast-align  conftest.c >&5
configure:15921: $? = 0
configure:15928: result: yes
configure:15913: checking if gcc supports -Wformat
configure:15921: gcc -c -g -O2 -Wformat  conftest.c >&5
configure:15921: $? = 0
configure:15928: result: yes
configure:15913: checking if gcc supports -Wformat-security
configure:15921: gcc -c -g -O2 -Wformat-security  conftest.c >&5
cc1: warning: -Wformat-security ignored without -Wformat [-Wformat-security]
configure:15921: $? = 0
configure:15928: result: yes
configure:15913: checking if gcc supports -Wformat-y2k
configure:15921: gcc -c -g -O2 -Wformat-y2k  conftest.c >&5
cc1: warning: -Wformat-y2k ignored without -Wformat [-Wformat-y2k]
configure:15921: $? = 0
configure:15928: result: yes
configure:15913: checking if gcc supports -Winit-self
configure:15921: gcc -c -g -O2 -Winit-self  conftest.c >&5
configure:15921: $? = 0
configure:15928: result: yes
configure:15913: checking if gcc supports -Wmissing-include-dirs
configure:15921: gcc -c -g -O2 -Wmissing-include-dirs  conftest.c >&5
configure:15921: $? = 0
configure:15928: result: yes
configure:15913: checking if gcc supports -Wundef
configure:15921: gcc -c -g -O2 -Wundef  conftest.c >&5
configure:15921: $? = 0
configure:15928: result: yes
configure:15913: checking if gcc supports -Wnested-externs
configure:15921: gcc -c -g -O2 -Wnested-externs  conftest.c >&5
configure:15921: $? = 0
configure:15928: result: yes
configure:15913: checking if gcc supports -fstack-protector
configure:15921: gcc -c -g -O2 -fstack-protector  conftest.c >&5
configure:15921: $? = 0
configure:15928: result: yes
configure:15913: checking if gcc supports -Wredundant-decls
configure:15921: gcc -c -g -O2 -Wredundant-decls  conftest.c >&5
configure:15921: $? = 0
configure:15928: result: yes
configure:15913: checking if gcc supports -g
configure:15921: gcc -c -g -O2 -g  conftest.c >&5
configure:15921: $? = 0
configure:15928: result: yes
configure:15957: checking PLATFORM_CPPFLAGS
configure:15959: result: 
configure:15962: checking PLATFORM_CFLAGS
configure:15964: result: 
configure:15967: checking PLATFORM_LDFLAGS
configure:15969: result: 
configure:16084: checking that generated files are newer than configure
configure:16090: result: done
configure:16125: creating ./config.status

## ---------------------- ##
## Running config.status. ##
## ---------------------- ##

This file was extended by xfce4-sample-plugin config.status 0.0.3git-b9d35ee, which was
generated by GNU Autoconf 2.69.  Invocation command line was

  CONFIG_FILES    = 
  CONFIG_HEADERS  = 
  CONFIG_LINKS    = 
  CONFIG_COMMANDS = 
  $ ./config.status 

on WilJoAnneOfArch

config.status:1226: creating Makefile
config.status:1226: creating icons/Makefile
config.status:1226: creating icons/48x48/Makefile
config.status:1226: creating icons/scalable/Makefile
config.status:1226: creating panel-plugin/Makefile
config.status:1226: creating po/Makefile.in
config.status:1226: creating config.h
config.status:1455: executing depfiles commands
config.status:1455: executing libtool commands
config.status:1455: executing default-1 commands
config.status:1455: executing po/stamp-it commands

## ---------------- ##
## Cache variables. ##
## ---------------- ##

ac_cv_build=x86_64-pc-linux-gnu
ac_cv_c_compiler_gnu=yes
ac_cv_env_CC_set=
ac_cv_env_CC_value=
ac_cv_env_CFLAGS_set=
ac_cv_env_CFLAGS_value=
ac_cv_env_CPPFLAGS_set=
ac_cv_env_CPPFLAGS_value=
ac_cv_env_CPP_set=
ac_cv_env_CPP_value=
ac_cv_env_LDFLAGS_set=
ac_cv_env_LDFLAGS_value=
ac_cv_env_LIBS_set=
ac_cv_env_LIBS_value=
ac_cv_env_LT_SYS_LIBRARY_PATH_set=
ac_cv_env_LT_SYS_LIBRARY_PATH_value=
ac_cv_env_PKG_CONFIG_LIBDIR_set=
ac_cv_env_PKG_CONFIG_LIBDIR_value=
ac_cv_env_PKG_CONFIG_PATH_set=
ac_cv_env_PKG_CONFIG_PATH_value=
ac_cv_env_PKG_CONFIG_set=
ac_cv_env_PKG_CONFIG_value=
ac_cv_env_XMKMF_set=
ac_cv_env_XMKMF_value=
ac_cv_env_build_alias_set=
ac_cv_env_build_alias_value=
ac_cv_env_host_alias_set=
ac_cv_env_host_alias_value=
ac_cv_env_target_alias_set=
ac_cv_env_target_alias_value=
ac_cv_func_bind_textdomain_codeset=yes
ac_cv_func_connect=yes
ac_cv_func_dcgettext=yes
ac_cv_func_gethostbyname=yes
ac_cv_func_remove=yes
ac_cv_func_shmat=yes
ac_cv_have_x='have_x=yes	ac_x_includes='\'''\''	ac_x_libraries='\'''\'''
ac_cv_header_dlfcn_h=yes
ac_cv_header_errno_h=yes
ac_cv_header_inttypes_h=yes
ac_cv_header_libintl_h=yes
ac_cv_header_locale_h=yes
ac_cv_header_math_h=yes
ac_cv_header_memory_h=yes
ac_cv_header_signal_h=yes
ac_cv_header_stdc=yes
ac_cv_header_stdint_h=yes
ac_cv_header_stdio_h=yes
ac_cv_header_stdlib_h=yes
ac_cv_header_string_h=yes
ac_cv_header_strings_h=yes
ac_cv_header_sys_prctl_h=yes
ac_cv_header_sys_stat_h=yes
ac_cv_header_sys_types_h=yes
ac_cv_header_sys_wait_h=yes
ac_cv_header_time_h=yes
ac_cv_header_unistd_h=yes
ac_cv_host=x86_64-pc-linux-gnu
ac_cv_lib_ICE_IceConnectionNumber=yes
ac_cv_lib_X11_main=yes
ac_cv_objext=o
ac_cv_path_EGREP='/usr/bin/grep -E'
ac_cv_path_FGREP='/usr/bin/grep -F'
ac_cv_path_GMSGFMT=/usr/bin/msgfmt
ac_cv_path_GREP=/usr/bin/grep
ac_cv_path_INTLTOOL_EXTRACT=/usr/bin/intltool-extract
ac_cv_path_INTLTOOL_MERGE=/usr/bin/intltool-merge
ac_cv_path_INTLTOOL_PERL=/usr/bin/perl
ac_cv_path_INTLTOOL_UPDATE=/usr/bin/intltool-update
ac_cv_path_MSGFMT=/usr/bin/msgfmt
ac_cv_path_MSGMERGE=/usr/bin/msgmerge
ac_cv_path_SED=/usr/bin/sed
ac_cv_path_XGETTEXT=/usr/bin/xgettext
ac_cv_path_ac_pt_PKG_CONFIG=/usr/bin/pkg-config
ac_cv_path_install='/usr/bin/install -c'
ac_cv_path_lt_DD=/usr/bin/dd
ac_cv_path_mkdir=/usr/bin/mkdir
ac_cv_prog_AWK=gawk
ac_cv_prog_CPP='gcc -E'
ac_cv_prog_ac_ct_AR=ar
ac_cv_prog_ac_ct_CC=gcc
ac_cv_prog_ac_ct_OBJDUMP=objdump
ac_cv_prog_ac_ct_RANLIB=ranlib
ac_cv_prog_ac_ct_STRIP=strip
ac_cv_prog_cc_c89=
ac_cv_prog_cc_g=yes
ac_cv_prog_cc_gcc_c_o=yes
ac_cv_prog_make_make_set=yes
am_cv_CC_dependencies_compiler_type=gcc3
am_cv_make_support_nested_variables=yes
am_cv_prog_cc_c_o=yes
am_cv_prog_tar_ustar=gnutar
am_cv_val_LC_MESSAGES=yes
gt_cv_func_CFLocaleCopyCurrent=no
gt_cv_func_CFPreferencesCopyAppValue=no
gt_cv_func_dgettext_libc=yes
gt_cv_func_dgettext_libintl=no
gt_cv_func_ngettext_libc=yes
gt_cv_have_gettext=yes
lt_cv_ar_at_file=@
lt_cv_archive_cmds_need_lc=no
lt_cv_deplibs_check_method=pass_all
lt_cv_file_magic_cmd='$MAGIC_CMD'
lt_cv_file_magic_test_file=
lt_cv_ld_reload_flag=-r
lt_cv_nm_interface='BSD nm'
lt_cv_objdir=.libs
lt_cv_path_LD=/usr/bin/ld
lt_cv_path_NM='/usr/bin/nm -B'
lt_cv_path_mainfest_tool=no
lt_cv_prog_compiler_c_o=yes
lt_cv_prog_compiler_pic='-fPIC -DPIC'
lt_cv_prog_compiler_pic_works=yes
lt_cv_prog_compiler_rtti_exceptions=no
lt_cv_prog_compiler_static_works=yes
lt_cv_prog_gnu_ld=yes
lt_cv_sharedlib_from_linklib_cmd='printf %s\n'
lt_cv_shlibpath_overrides_runpath=no
lt_cv_sys_global_symbol_pipe='sed -n -e '\''s/^.*[	 ]\([ABCDGIRSTW][ABCDGIRSTW]*\)[	 ][	 ]*\([_A-Za-z][_A-Za-z0-9]*\)$/\1 \2 \2/p'\'' | sed '\''/ __gnu_lto/d'\'''
lt_cv_sys_global_symbol_to_c_name_address='sed -n -e '\''s/^: \(.*\) .*$/  {"\1", (void *) 0},/p'\'' -e '\''s/^[ABCDGIRSTW][ABCDGIRSTW]* .* \(.*\)$/  {"\1", (void *) \&\1},/p'\'''
lt_cv_sys_global_symbol_to_c_name_address_lib_prefix='sed -n -e '\''s/^: \(.*\) .*$/  {"\1", (void *) 0},/p'\'' -e '\''s/^[ABCDGIRSTW][ABCDGIRSTW]* .* \(lib.*\)$/  {"\1", (void *) \&\1},/p'\'' -e '\''s/^[ABCDGIRSTW][ABCDGIRSTW]* .* \(.*\)$/  {"lib\1", (void *) \&\1},/p'\'''
lt_cv_sys_global_symbol_to_cdecl='sed -n -e '\''s/^T .* \(.*\)$/extern int \1();/p'\'' -e '\''s/^[ABCDGIRSTW][ABCDGIRSTW]* .* \(.*\)$/extern char \1;/p'\'''
lt_cv_sys_global_symbol_to_import=
lt_cv_sys_max_cmd_len=1572864
lt_cv_to_host_file_cmd=func_convert_file_noop
lt_cv_to_tool_file_cmd=func_convert_file_noop
lt_cv_truncate_bin='/usr/bin/dd bs=4096 count=1'
xdt_cv_PKG_CONFIG_MIN_VERSION=0.9.0
xdt_cv_additional_CFLAGS='-DXFCE_DISABLE_DEPRECATED                               -Wall -Wextra                               -Wno-missing-field-initializers                               -Wno-unused-parameter -Wold-style-definition                               -Wdeclaration-after-statement                               -Wmissing-declarations                               -Wmissing-noreturn -Wshadow -Wpointer-arith                               -Wcast-align -Wformat -Wformat-security -Wformat-y2k                               -Winit-self -Wmissing-include-dirs -Wundef                               -Wnested-externs -fstack-protector -Wredundant-decls -g'

## ----------------- ##
## Output variables. ##
## ----------------- ##

ACLOCAL='${SHELL} /home/wim/xfce4-sample-plugin/missing aclocal-1.15'
ALL_LINGUAS='ar bg ca cs da de es fr he hr id it ko lt ms nb nl pl pt_BR pt ru sl sr sv tr uk zh_CN zh_TW '
AMDEPBACKSLASH='\'
AMDEP_FALSE='#'
AMDEP_TRUE=''
AMTAR='$${TAR-tar}'
AM_BACKSLASH='\'
AM_DEFAULT_V='$(AM_DEFAULT_VERBOSITY)'
AM_DEFAULT_VERBOSITY='0'
AM_V='$(V)'
AR='ar'
AUTOCONF='${SHELL} /home/wim/xfce4-sample-plugin/missing autoconf'
AUTOHEADER='${SHELL} /home/wim/xfce4-sample-plugin/missing autoheader'
AUTOMAKE='${SHELL} /home/wim/xfce4-sample-plugin/missing automake-1.15'
AWK='gawk'
CATALOGS=' ar.gmo bg.gmo ca.gmo cs.gmo da.gmo de.gmo es.gmo fr.gmo he.gmo hr.gmo id.gmo it.gmo ko.gmo lt.gmo ms.gmo nb.gmo nl.gmo pl.gmo pt_BR.gmo pt.gmo ru.gmo sl.gmo sr.gmo sv.gmo tr.gmo uk.gmo zh_CN.gmo zh_TW.gmo'
CATOBJEXT='.gmo'
CC='gcc'
CCDEPMODE='depmode=gcc3'
CFLAGS='-g -O2  -DXFCE_DISABLE_DEPRECATED -Wall -Wextra -Wno-missing-field-initializers -Wno-unused-parameter -Wold-style-definition -Wdeclaration-after-statement -Wmissing-declarations -Wmissing-noreturn -Wshadow -Wpointer-arith -Wcast-align -Wformat -Wformat-security -Wformat-y2k -Winit-self -Wmissing-include-dirs -Wundef -Wnested-externs -fstack-protector -Wredundant-decls -g'
CPP='gcc -E'
CPPFLAGS=''
CYGPATH_W='echo'
DATADIRNAME='share'
DEFS='-DHAVE_CONFIG_H'
DEPDIR='.deps'
DLLTOOL='false'
DSYMUTIL=''
DUMPBIN=''
ECHO_C=''
ECHO_N='-n'
ECHO_T=''
EGREP='/usr/bin/grep -E'
EXEEXT=''
FGREP='/usr/bin/grep -F'
GETTEXT_PACKAGE='xfce4-sample-plugin'
GMOFILES=' ar.gmo bg.gmo ca.gmo cs.gmo da.gmo de.gmo es.gmo fr.gmo he.gmo hr.gmo id.gmo it.gmo ko.gmo lt.gmo ms.gmo nb.gmo nl.gmo pl.gmo pt_BR.gmo pt.gmo ru.gmo sl.gmo sr.gmo sv.gmo tr.gmo uk.gmo zh_CN.gmo zh_TW.gmo'
GMSGFMT='/usr/bin/msgfmt'
GREP='/usr/bin/grep'
INSTALL_DATA='${INSTALL} -m 644'
INSTALL_PROGRAM='${INSTALL}'
INSTALL_SCRIPT='${INSTALL}'
INSTALL_STRIP_PROGRAM='$(install_sh) -c -s'
INSTOBJEXT='.mo'
INTLLIBS=''
INTLTOOL_CAVES_RULE='%.caves:     %.caves.in     $(INTLTOOL_MERGE) $(wildcard $(top_srcdir)/po/*.po) ; $(INTLTOOL_V_MERGE)LC_ALL=C $(INTLTOOL_MERGE) $(INTLTOOL_V_MERGE_OPTIONS) -d -u -c $(top_builddir)/po/.intltool-merge-cache $(top_srcdir)/po $< $@'
INTLTOOL_DESKTOP_RULE='%.desktop:   %.desktop.in   $(INTLTOOL_MERGE) $(wildcard $(top_srcdir)/po/*.po) ; $(INTLTOOL_V_MERGE)LC_ALL=C $(INTLTOOL_MERGE) $(INTLTOOL_V_MERGE_OPTIONS) -d -u -c $(top_builddir)/po/.intltool-merge-cache $(top_srcdir)/po $< $@'
INTLTOOL_DIRECTORY_RULE='%.directory: %.directory.in $(INTLTOOL_MERGE) $(wildcard $(top_srcdir)/po/*.po) ; $(INTLTOOL_V_MERGE)LC_ALL=C $(INTLTOOL_MERGE) $(INTLTOOL_V_MERGE_OPTIONS) -d -u -c $(top_builddir)/po/.intltool-merge-cache $(top_srcdir)/po $< $@'
INTLTOOL_EXTRACT='/usr/bin/intltool-extract'
INTLTOOL_KBD_RULE='%.kbd:       %.kbd.in       $(INTLTOOL_MERGE) $(wildcard $(top_srcdir)/po/*.po) ; $(INTLTOOL_V_MERGE)LC_ALL=C $(INTLTOOL_MERGE) $(INTLTOOL_V_MERGE_OPTIONS) -x -u -m -c $(top_builddir)/po/.intltool-merge-cache $(top_srcdir)/po $< $@'
INTLTOOL_KEYS_RULE='%.keys:      %.keys.in      $(INTLTOOL_MERGE) $(wildcard $(top_srcdir)/po/*.po) ; $(INTLTOOL_V_MERGE)LC_ALL=C $(INTLTOOL_MERGE) $(INTLTOOL_V_MERGE_OPTIONS) -k -u -c $(top_builddir)/po/.intltool-merge-cache $(top_srcdir)/po $< $@'
INTLTOOL_MERGE='/usr/bin/intltool-merge'
INTLTOOL_OAF_RULE='%.oaf:       %.oaf.in       $(INTLTOOL_MERGE) $(wildcard $(top_srcdir)/po/*.po) ; $(INTLTOOL_V_MERGE)LC_ALL=C $(INTLTOOL_MERGE) $(INTLTOOL_V_MERGE_OPTIONS) -o -p $(top_srcdir)/po $< $@'
INTLTOOL_PERL='/usr/bin/perl'
INTLTOOL_POLICY_RULE='%.policy:    %.policy.in    $(INTLTOOL_MERGE) $(wildcard $(top_srcdir)/po/*.po) ; $(INTLTOOL_V_MERGE)LC_ALL=C $(INTLTOOL_MERGE) $(INTLTOOL_V_MERGE_OPTIONS) -x -u -c $(top_builddir)/po/.intltool-merge-cache $(top_srcdir)/po $< $@'
INTLTOOL_PONG_RULE='%.pong:      %.pong.in      $(INTLTOOL_MERGE) $(wildcard $(top_srcdir)/po/*.po) ; $(INTLTOOL_V_MERGE)LC_ALL=C $(INTLTOOL_MERGE) $(INTLTOOL_V_MERGE_OPTIONS) -x -u -c $(top_builddir)/po/.intltool-merge-cache $(top_srcdir)/po $< $@'
INTLTOOL_PROP_RULE='%.prop:      %.prop.in      $(INTLTOOL_MERGE) $(wildcard $(top_srcdir)/po/*.po) ; $(INTLTOOL_V_MERGE)LC_ALL=C $(INTLTOOL_MERGE) $(INTLTOOL_V_MERGE_OPTIONS) -d -u -c $(top_builddir)/po/.intltool-merge-cache $(top_srcdir)/po $< $@'
INTLTOOL_SCHEMAS_RULE='%.schemas:   %.schemas.in   $(INTLTOOL_MERGE) $(wildcard $(top_srcdir)/po/*.po) ; $(INTLTOOL_V_MERGE)LC_ALL=C $(INTLTOOL_MERGE) $(INTLTOOL_V_MERGE_OPTIONS) -s -u -c $(top_builddir)/po/.intltool-merge-cache $(top_srcdir)/po $< $@'
INTLTOOL_SERVER_RULE='%.server:    %.server.in    $(INTLTOOL_MERGE) $(wildcard $(top_srcdir)/po/*.po) ; $(INTLTOOL_V_MERGE)LC_ALL=C $(INTLTOOL_MERGE) $(INTLTOOL_V_MERGE_OPTIONS) -o -u -c $(top_builddir)/po/.intltool-merge-cache $(top_srcdir)/po $< $@'
INTLTOOL_SERVICE_RULE='%.service: %.service.in   $(INTLTOOL_MERGE) $(wildcard $(top_srcdir)/po/*.po) ; $(INTLTOOL_V_MERGE)LC_ALL=C $(INTLTOOL_MERGE) $(INTLTOOL_V_MERGE_OPTIONS) -d -u -c $(top_builddir)/po/.intltool-merge-cache $(top_srcdir)/po $< $@'
INTLTOOL_SHEET_RULE='%.sheet:     %.sheet.in     $(INTLTOOL_MERGE) $(wildcard $(top_srcdir)/po/*.po) ; $(INTLTOOL_V_MERGE)LC_ALL=C $(INTLTOOL_MERGE) $(INTLTOOL_V_MERGE_OPTIONS) -x -u -c $(top_builddir)/po/.intltool-merge-cache $(top_srcdir)/po $< $@'
INTLTOOL_SOUNDLIST_RULE='%.soundlist: %.soundlist.in $(INTLTOOL_MERGE) $(wildcard $(top_srcdir)/po/*.po) ; $(INTLTOOL_V_MERGE)LC_ALL=C $(INTLTOOL_MERGE) $(INTLTOOL_V_MERGE_OPTIONS) -d -u -c $(top_builddir)/po/.intltool-merge-cache $(top_srcdir)/po $< $@'
INTLTOOL_THEME_RULE='%.theme:     %.theme.in     $(INTLTOOL_MERGE) $(wildcard $(top_srcdir)/po/*.po) ; $(INTLTOOL_V_MERGE)LC_ALL=C $(INTLTOOL_MERGE) $(INTLTOOL_V_MERGE_OPTIONS) -d -u -c $(top_builddir)/po/.intltool-merge-cache $(top_srcdir)/po $< $@'
INTLTOOL_UI_RULE='%.ui:        %.ui.in        $(INTLTOOL_MERGE) $(wildcard $(top_srcdir)/po/*.po) ; $(INTLTOOL_V_MERGE)LC_ALL=C $(INTLTOOL_MERGE) $(INTLTOOL_V_MERGE_OPTIONS) -x -u -c $(top_builddir)/po/.intltool-merge-cache $(top_srcdir)/po $< $@'
INTLTOOL_UPDATE='/usr/bin/intltool-update'
INTLTOOL_V_MERGE='$(INTLTOOL__v_MERGE_$(V))'
INTLTOOL_V_MERGE_OPTIONS='$(intltool__v_merge_options_$(V))'
INTLTOOL_XAM_RULE='%.xam:       %.xml.in       $(INTLTOOL_MERGE) $(wildcard $(top_srcdir)/po/*.po) ; $(INTLTOOL_V_MERGE)LC_ALL=C $(INTLTOOL_MERGE) $(INTLTOOL_V_MERGE_OPTIONS) -x -u -c $(top_builddir)/po/.intltool-merge-cache $(top_srcdir)/po $< $@'
INTLTOOL_XML_NOMERGE_RULE='%.xml:       %.xml.in       $(INTLTOOL_MERGE) ; $(INTLTOOL_V_MERGE)LC_ALL=C $(INTLTOOL_MERGE) $(INTLTOOL_V_MERGE_OPTIONS) -x -u --no-translations $< $@'
INTLTOOL_XML_RULE='%.xml:       %.xml.in       $(INTLTOOL_MERGE) $(wildcard $(top_srcdir)/po/*.po) ; $(INTLTOOL_V_MERGE)LC_ALL=C $(INTLTOOL_MERGE) $(INTLTOOL_V_MERGE_OPTIONS) -x -u -c $(top_builddir)/po/.intltool-merge-cache $(top_srcdir)/po $< $@'
INTLTOOL__v_MERGE_0='@echo "  ITMRG " $@;'
INTLTOOL__v_MERGE_='$(INTLTOOL__v_MERGE_$(AM_DEFAULT_VERBOSITY))'
INTL_MACOSX_LIBS=''
LD='/usr/bin/ld'
LDFLAGS=''
LIBOBJS=''
LIBS=''
LIBTOOL='$(SHELL) $(top_builddir)/libtool'
LIBX11_CFLAGS=''
LIBX11_LDFLAGS=''
LIBX11_LIBS=' -lSM -lICE -lX11'
LIBXFCE4PANEL_CFLAGS='-pthread -I/usr/include/xfce4/libxfce4panel-2.0 -I/usr/include/gtk-3.0 -I/usr/include/at-spi2-atk/2.0 -I/usr/include/at-spi-2.0 -I/usr/include/dbus-1.0 -I/usr/lib/dbus-1.0/include -I/usr/include/gtk-3.0 -I/usr/include/gio-unix-2.0/ -I/usr/include/cairo -I/usr/include/pango-1.0 -I/usr/include/atk-1.0 -I/usr/include/cairo -I/usr/include/pixman-1 -I/usr/include/freetype2 -I/usr/include/libpng16 -I/usr/include/harfbuzz -I/usr/include/glib-2.0 -I/usr/lib/glib-2.0/include -I/usr/include/freetype2 -I/usr/include/harfbuzz -I/usr/include/libpng16 -I/usr/include/gdk-pixbuf-2.0 -I/usr/include/xfce4 -I/usr/include/glib-2.0 -I/usr/lib/glib-2.0/include'
LIBXFCE4PANEL_LIBS='-lxfce4panel-2.0 -lgtk-3 -lgdk-3 -lpangocairo-1.0 -lpango-1.0 -latk-1.0 -lcairo-gobject -lcairo -lgdk_pixbuf-2.0 -lgio-2.0 -lgobject-2.0 -Wl,--export-dynamic -lgmodule-2.0 -pthread -lxfce4util -lglib-2.0'
LIBXFCE4PANEL_REQUIRED_VERSION='4.12.0'
LIBXFCE4PANEL_VERSION='4.12.2'
LIBXFCE4UI_CFLAGS='-pthread -I/usr/include/xfce4/libxfce4ui-2 -I/usr/include/gtk-3.0 -I/usr/include/at-spi2-atk/2.0 -I/usr/include/at-spi-2.0 -I/usr/include/dbus-1.0 -I/usr/lib/dbus-1.0/include -I/usr/include/gtk-3.0 -I/usr/include/gio-unix-2.0/ -I/usr/include/cairo -I/usr/include/pango-1.0 -I/usr/include/atk-1.0 -I/usr/include/cairo -I/usr/include/pixman-1 -I/usr/include/freetype2 -I/usr/include/libpng16 -I/usr/include/harfbuzz -I/usr/include/glib-2.0 -I/usr/lib/glib-2.0/include -I/usr/include/freetype2 -I/usr/include/harfbuzz -I/usr/include/libpng16 -I/usr/include/gdk-pixbuf-2.0 -I/usr/include/xfce4 -I/usr/include/glib-2.0 -I/usr/lib/glib-2.0/include'
LIBXFCE4UI_LIBS='-lxfce4ui-2 -lgtk-3 -lgdk-3 -lpangocairo-1.0 -lpango-1.0 -latk-1.0 -lcairo-gobject -lcairo -lgdk_pixbuf-2.0 -lgio-2.0 -lgobject-2.0 -lxfce4util -lglib-2.0'
LIBXFCE4UI_REQUIRED_VERSION='4.12.0'
LIBXFCE4UI_VERSION='4.12.1'
LIPO=''
LN_S='ln -s'
LTLIBOBJS=''
LT_SYS_LIBRARY_PATH=''
MAINT=''
MAINTAINER_MODE_FALSE='#'
MAINTAINER_MODE_TRUE=''
MAKEINFO='${SHELL} /home/wim/xfce4-sample-plugin/missing makeinfo'
MANIFEST_TOOL=':'
MKDIR_P='/usr/bin/mkdir -p'
MKINSTALLDIRS='./mkinstalldirs'
MSGFMT='/usr/bin/msgfmt'
MSGFMT_OPTS='-c'
MSGMERGE='/usr/bin/msgmerge'
NM='/usr/bin/nm -B'
NMEDIT=''
OBJDUMP='objdump'
OBJEXT='o'
OTOOL64=''
OTOOL=''
PACKAGE='xfce4-sample-plugin'
PACKAGE_BUGREPORT='https://bugzilla.xfce.org/'
PACKAGE_NAME='xfce4-sample-plugin'
PACKAGE_STRING='xfce4-sample-plugin 0.0.3git-b9d35ee'
PACKAGE_TARNAME='xfce4-sample-plugin'
PACKAGE_URL=''
PACKAGE_VERSION='0.0.3git-b9d35ee'
PATH_SEPARATOR=':'
PKG_CONFIG='/usr/bin/pkg-config'
PKG_CONFIG_LIBDIR=''
PKG_CONFIG_PATH=''
PLATFORM_CFLAGS=''
PLATFORM_CPPFLAGS=''
PLATFORM_LDFLAGS=''
POFILES=' ar.po bg.po ca.po cs.po da.po de.po es.po fr.po he.po hr.po id.po it.po ko.po lt.po ms.po nb.po nl.po pl.po pt_BR.po pt.po ru.po sl.po sr.po sv.po tr.po uk.po zh_CN.po zh_TW.po'
POSUB='po'
PO_IN_DATADIR_FALSE=''
PO_IN_DATADIR_TRUE=''
RANLIB='ranlib'
SED='/usr/bin/sed'
SET_MAKE=''
SHELL='/bin/sh'
STRIP='strip'
USE_NLS='yes'
VERSION='0.0.3git-b9d35ee'
XGETTEXT='/usr/bin/xgettext'
XGETTEXT_ARGS='--keyword=Q_ --from-code=UTF-8'
XMKMF=''
X_CFLAGS=''
X_EXTRA_LIBS=''
X_LIBS=''
X_PRE_LIBS=' -lSM -lICE'
ac_ct_AR='ar'
ac_ct_CC='gcc'
ac_ct_DUMPBIN=''
am__EXEEXT_FALSE=''
am__EXEEXT_TRUE='#'
am__fastdepCC_FALSE='#'
am__fastdepCC_TRUE=''
am__include='include'
am__isrc=''
am__leading_dot='.'
am__nodep='_no'
am__quote=''
am__tar='tar --format=ustar -chf - "$$tardir"'
am__untar='tar -xf -'
bindir='${exec_prefix}/bin'
build='x86_64-pc-linux-gnu'
build_alias=''
build_cpu='x86_64'
build_os='linux-gnu'
build_vendor='pc'
datadir='${datarootdir}'
datarootdir='${prefix}/share'
docdir='${datarootdir}/doc/${PACKAGE_TARNAME}'
dvidir='${docdir}'
exec_prefix='${prefix}'
host='x86_64-pc-linux-gnu'
host_alias=''
host_cpu='x86_64'
host_os='linux-gnu'
host_vendor='pc'
htmldir='${docdir}'
includedir='${prefix}/include'
infodir='${datarootdir}/info'
install_sh='${SHELL} /home/wim/xfce4-sample-plugin/install-sh'
intltool__v_merge_options_0='-q'
intltool__v_merge_options_='$(intltool__v_merge_options_$(AM_DEFAULT_VERBOSITY))'
libdir='${exec_prefix}/lib'
libexecdir='${exec_prefix}/libexec'
localedir='${datarootdir}/locale'
localstatedir='${prefix}/var'
mandir='${datarootdir}/man'
mkdir_p='$(MKDIR_P)'
oldincludedir='/usr/include'
pdfdir='${docdir}'
prefix='/usr'
program_transform_name='s,x,x,'
psdir='${docdir}'
sbindir='${exec_prefix}/sbin'
sharedstatedir='${prefix}/com'
sysconfdir='${prefix}/etc'
target_alias=''

## ----------- ##
## confdefs.h. ##
## ----------- ##

/* confdefs.h */
#define PACKAGE_NAME "xfce4-sample-plugin"
#define PACKAGE_TARNAME "xfce4-sample-plugin"
#define PACKAGE_VERSION "0.0.3git-b9d35ee"
#define PACKAGE_STRING "xfce4-sample-plugin 0.0.3git-b9d35ee"
#define PACKAGE_BUGREPORT "https://bugzilla.xfce.org/"
#define PACKAGE_URL ""
#define PACKAGE "xfce4-sample-plugin"
#define VERSION "0.0.3git-b9d35ee"
#define STDC_HEADERS 1
#define HAVE_SYS_TYPES_H 1
#define HAVE_SYS_STAT_H 1
#define HAVE_STDLIB_H 1
#define HAVE_STRING_H 1
#define HAVE_MEMORY_H 1
#define HAVE_STRINGS_H 1
#define HAVE_INTTYPES_H 1
#define HAVE_STDINT_H 1
#define HAVE_UNISTD_H 1
#define HAVE_DLFCN_H 1
#define LT_OBJDIR ".libs/"
#define STDC_HEADERS 1
#define HAVE_STDLIB_H 1
#define HAVE_UNISTD_H 1
#define HAVE_LOCALE_H 1
#define HAVE_STDIO_H 1
#define HAVE_ERRNO_H 1
#define HAVE_TIME_H 1
#define HAVE_STRING_H 1
#define HAVE_MATH_H 1
#define HAVE_SYS_TYPES_H 1
#define HAVE_SYS_WAIT_H 1
#define HAVE_MEMORY_H 1
#define HAVE_SIGNAL_H 1
#define HAVE_SYS_PRCTL_H 1
#define HAVE_LIBINTL_H 1
#define HAVE_BIND_TEXTDOMAIN_CODESET 1
#define GETTEXT_PACKAGE "xfce4-sample-plugin"
#define HAVE_LOCALE_H 1
#define HAVE_LC_MESSAGES 1
#define HAVE_BIND_TEXTDOMAIN_CODESET 1
#define HAVE_GETTEXT 1
#define HAVE_DCGETTEXT 1
#define ENABLE_NLS 1
#define HAVE_LIBX11 1
#define DEBUG 1

configure: exit 0

## ---------------------- ##
## Running config.status. ##
## ---------------------- ##

This file was extended by xfce4-sample-plugin config.status 0.0.3git-b9d35ee, which was
generated by GNU Autoconf 2.69.  Invocation command line was

  CONFIG_FILES    = 
  CONFIG_HEADERS  = 
  CONFIG_LINKS    = 
  CONFIG_COMMANDS = 
  $ ./config.status config.h

on WilJoAnneOfArch

config.status:1226: creating config.h
config.status:1407: config.h is unchanged
